c:\mytinyrenderproj\raytracer\raytracer\x64\debug\vc143.pdb
c:\mytinyrenderproj\raytracer\raytracer\x64\debug\vc143.idb
c:\mytinyrenderproj\raytracer\raytracer\x64\debug\raytracer.obj
c:\mytinyrenderproj\raytracer\raytracer\x64\debug\mathhelper.obj
c:\mytinyrenderproj\raytracer\raytracer\x64\debug\geometrygenerator.obj
c:\mytinyrenderproj\raytracer\raytracer\x64\debug\gametimer.obj
c:\mytinyrenderproj\raytracer\raytracer\x64\debug\ddstextureloader.obj
c:\mytinyrenderproj\raytracer\raytracer\x64\debug\d3dutil.obj
c:\mytinyrenderproj\raytracer\raytracer\x64\debug\d3dapp.obj
c:\mytinyrenderproj\raytracer\raytracer\x64\debug\camera.obj
c:\mytinyrenderproj\raytracer\raytracer\x64\debug\raytracer.ilk
c:\mytinyrenderproj\raytracer\raytracer\raytracer.exe
c:\mytinyrenderproj\raytracer\raytracer\raytracer.pdb
c:\mytinyrenderproj\raytracer\x64\debug\..\..\raytracer\raytracer.pdb
c:\mytinyrenderproj\raytracer\raytracer\x64\debug\raytracer.tlog\cl.command.1.tlog
c:\mytinyrenderproj\raytracer\raytracer\x64\debug\raytracer.tlog\cl.read.1.tlog
c:\mytinyrenderproj\raytracer\raytracer\x64\debug\raytracer.tlog\cl.write.1.tlog
c:\mytinyrenderproj\raytracer\raytracer\x64\debug\raytracer.tlog\link.command.1.tlog
c:\mytinyrenderproj\raytracer\raytracer\x64\debug\raytracer.tlog\link.read.1.tlog
c:\mytinyrenderproj\raytracer\raytracer\x64\debug\raytracer.tlog\link.write.1.tlog
